<?xml version="1.0" encoding="UTF-8"?>
<testng-results ignored="0" total="0" passed="0" failed="0" skipped="0">
  <reporter-output>
  </reporter-output>
  <suite started-at="2023-03-29T13:26:22 EDT" name="Default suite" finished-at="2023-03-29T13:26:22 EDT" duration-ms="322">
    <groups>
      <group name="cucumber">
        <method signature="AbstractTestNGCucumberTests.runScenario(io.cucumber.testng.PickleWrapper,io.cucumber.testng.FeatureWrapper)[pri:0, instance:com.runner.DSAlgo_Start_Runner@7098b907]" name="runScenario" class="io.cucumber.testng.AbstractTestNGCucumberTests"/>
      </group> <!-- cucumber -->
    </groups>
    <test started-at="2023-03-29T13:26:22 EDT" name="Default test" finished-at="2023-03-29T13:26:22 EDT" duration-ms="322">
      <class name="com.runner.DSAlgo_Start_Runner">
        <test-method is-config="true" signature="setUpClass(org.testng.ITestContext)[pri:0, instance:com.runner.DSAlgo_Start_Runner@7098b907]" started-at="2023-03-29T13:26:22 EDT" name="setUpClass" finished-at="2023-03-29T13:26:22 EDT" duration-ms="281" status="PASS">
          <params>
            <param index="0">
              <value>
                <![CDATA[org.testng.TestRunner@25e2ab5a]]>
              </value>
            </param>
          </params>
          <reporter-output>
          </reporter-output>
        </test-method> <!-- setUpClass -->
        <test-method is-config="true" signature="tearDownClass()[pri:0, instance:com.runner.DSAlgo_Start_Runner@7098b907]" started-at="2023-03-29T13:26:22 EDT" name="tearDownClass" finished-at="2023-03-29T13:26:22 EDT" duration-ms="9" status="PASS">
          <reporter-output>
          </reporter-output>
        </test-method> <!-- tearDownClass -->
      </class> <!-- com.runner.DSAlgo_Start_Runner -->
    </test> <!-- Default test -->
  </suite> <!-- Default suite -->
</testng-results>
